0 info it worked if it ends with ok
1 verbose cli [ '/usr/bin/nodejs', '/usr/bin/npm', 'publish' ]
2 info using npm@3.10.10
3 info using node@v6.11.0
4 verbose publish [ '.' ]
5 silly cache add args [ '.', null ]
6 verbose cache add spec .
7 silly cache add parsed spec Result {
7 silly cache add   raw: '.',
7 silly cache add   scope: null,
7 silly cache add   escapedName: null,
7 silly cache add   name: null,
7 silly cache add   rawSpec: '.',
7 silly cache add   spec: '/home/gurol/Desktop/projects/gulp-google-tag-manager',
7 silly cache add   type: 'directory' }
8 verbose addLocalDirectory /home/gurol/.npm/gulp-google-tag-manager/1.0.0/package.tgz not in flight; packing
9 verbose correctMkdir /home/gurol/.npm correctMkdir not in flight; initializing
10 info lifecycle gulp-google-tag-manager@1.0.0~prepublish: gulp-google-tag-manager@1.0.0
11 silly lifecycle gulp-google-tag-manager@1.0.0~prepublish: no script for prepublish, continuing
12 verbose tar pack [ '/home/gurol/.npm/gulp-google-tag-manager/1.0.0/package.tgz',
12 verbose tar pack   '/home/gurol/Desktop/projects/gulp-google-tag-manager' ]
13 verbose tarball /home/gurol/.npm/gulp-google-tag-manager/1.0.0/package.tgz
14 verbose folder /home/gurol/Desktop/projects/gulp-google-tag-manager
15 verbose addLocalTarball adding from inside cache /home/gurol/.npm/gulp-google-tag-manager/1.0.0/package.tgz
16 verbose correctMkdir /home/gurol/.npm correctMkdir not in flight; initializing
17 silly cache afterAdd gulp-google-tag-manager@1.0.0
18 verbose afterAdd /home/gurol/.npm/gulp-google-tag-manager/1.0.0/package/package.json not in flight; writing
19 verbose correctMkdir /home/gurol/.npm correctMkdir not in flight; initializing
20 verbose afterAdd /home/gurol/.npm/gulp-google-tag-manager/1.0.0/package/package.json written
21 silly publish { name: 'gulp-google-tag-manager',
21 silly publish   version: '1.0.0',
21 silly publish   description: 'Inject Google Tag Manager (GTM) script into HTML <head> and <body> tags with Gulp.',
21 silly publish   main: 'index.js',
21 silly publish   scripts: { test: 'echo "Error: no test specified" && exit 1' },
21 silly publish   keywords: [],
21 silly publish   author: '',
21 silly publish   license: 'ISC',
21 silly publish   devDependencies: { gulp: '^3.9.1', through2: '^2.0.3' },
21 silly publish   readme: '# gulp-google-tag-manager\n\nInject Google Tag Manager (GTM) script into HTML <head> and <body> tags with Gulp.\n\n#### Install\n\n```bash\n$ npm install gulp-google-tag-manager --save-dev\n```\n\n## Example\n\nMake sure to enter the correct gtmId and your homepage should be as follows\n\n```js\nconst gulp = require(\'gulp\')\nconst gtm  = require(\'gulp-google-tag-manager\')\n\n// Usage:\ngulp.task(\'gtm\', function(){\n\tgulp.src(\'./index.html\')\n\t.pipe(gtm({\n        gtmId: \'GTM-1234\'\n    }))\n\t.pipe(gulp.dest(\'./\'));\n});\n```\n\n```html\n<!DOCTYPE html>\n<html lang="en">\n<head>\n    <meta charset="UTF-8">\n    <meta name="viewport" content="width=device-width, initial-scale=1.0">\n    <meta http-equiv="X-UA-Compatible" content="ie=edge">\n    <title>Document</title>\n    <!-- headHolder:gtm -->\n</head>\n<body>\n    <!-- bodyHolder:gtm -->\n</body>\n</html>\n```\n\n## Options\n\nOptionally, you can use the following parameters\n\n```js\nconst gulp = require(\'gulp\')\nconst gtm  = require(\'gulp-google-tag-manager\')\n\n// Usage:\ngulp.task(\'gtm\', function(){\n\tgulp.src(\'./index.html\')\n\t.pipe(gtm({\n        gtmId: \'GTM-1234\',\n        layerName: \'PartnerLayer\',\n        placeHolder: \'gtm-partner\'\n    }))\n\t.pipe(gulp.dest(\'./\'));\n});\n\n```\n\nTag manager scripts directly from [Google Tag Manager\'s site](https://developers.google.com/tag-manager/quickstart).\n',
21 silly publish   readmeFilename: 'README.md',
21 silly publish   gitHead: '87ecf5893e4f192fed8b888a529f52f88ae43835',
21 silly publish   _id: 'gulp-google-tag-manager@1.0.0',
21 silly publish   _shasum: '1a9f337c0bc05225edf4589df790bfbad7ca722c',
21 silly publish   _from: '.' }
22 verbose getPublishConfig undefined
23 silly mapToRegistry name gulp-google-tag-manager
24 silly mapToRegistry using default registry
25 silly mapToRegistry registry https://registry.npmjs.org/
26 silly mapToRegistry data Result {
26 silly mapToRegistry   raw: 'gulp-google-tag-manager',
26 silly mapToRegistry   scope: null,
26 silly mapToRegistry   escapedName: 'gulp-google-tag-manager',
26 silly mapToRegistry   name: 'gulp-google-tag-manager',
26 silly mapToRegistry   rawSpec: '',
26 silly mapToRegistry   spec: 'latest',
26 silly mapToRegistry   type: 'tag' }
27 silly mapToRegistry uri https://registry.npmjs.org/gulp-google-tag-manager
28 verbose publish registryBase https://registry.npmjs.org/
29 silly publish uploading /home/gurol/.npm/gulp-google-tag-manager/1.0.0/package.tgz
30 verbose request uri https://registry.npmjs.org/gulp-google-tag-manager
31 verbose request sending authorization for write operation
32 info attempt registry request try #1 at 10:36:38 PM
33 verbose request using bearer token for auth
34 verbose request id c440de61734014d1
35 http request PUT https://registry.npmjs.org/gulp-google-tag-manager
36 http 403 https://registry.npmjs.org/gulp-google-tag-manager
37 verbose headers { 'content-type': 'application/json',
37 verbose headers   'cache-control': 'max-age=300',
37 verbose headers   'content-length': '104',
37 verbose headers   'accept-ranges': 'bytes',
37 verbose headers   date: 'Thu, 08 Feb 2018 20:36:39 GMT',
37 verbose headers   via: '1.1 varnish',
37 verbose headers   connection: 'keep-alive',
37 verbose headers   'x-served-by': 'cache-hhn1532-HHN',
37 verbose headers   'x-cache': 'MISS',
37 verbose headers   'x-cache-hits': '0',
37 verbose headers   'x-timer': 'S1518122199.609779,VS0,VE1123',
37 verbose headers   vary: 'Accept-Encoding, Accept' }
38 verbose request invalidating /home/gurol/.npm/registry.npmjs.org/gulp-google-tag-manager on PUT
39 error publish Failed PUT 403
40 verbose stack Error: you must verify your email before publishing a new package: https://www.npmjs.com/email-edit : gulp-google-tag-manager
40 verbose stack     at makeError (/usr/lib/node_modules/npm/node_modules/npm-registry-client/lib/request.js:302:12)
40 verbose stack     at CachingRegistryClient.<anonymous> (/usr/lib/node_modules/npm/node_modules/npm-registry-client/lib/request.js:290:14)
40 verbose stack     at Request._callback (/usr/lib/node_modules/npm/node_modules/npm-registry-client/lib/request.js:210:14)
40 verbose stack     at Request.self.callback (/usr/lib/node_modules/npm/node_modules/request/request.js:187:22)
40 verbose stack     at emitTwo (events.js:106:13)
40 verbose stack     at Request.emit (events.js:191:7)
40 verbose stack     at Request.<anonymous> (/usr/lib/node_modules/npm/node_modules/request/request.js:1048:10)
40 verbose stack     at emitOne (events.js:96:13)
40 verbose stack     at Request.emit (events.js:188:7)
40 verbose stack     at IncomingMessage.<anonymous> (/usr/lib/node_modules/npm/node_modules/request/request.js:969:12)
41 verbose statusCode 403
42 verbose pkgid gulp-google-tag-manager
43 verbose cwd /home/gurol/Desktop/projects/gulp-google-tag-manager
44 error Linux 4.4.0-112-generic
45 error argv "/usr/bin/nodejs" "/usr/bin/npm" "publish"
46 error node v6.11.0
47 error npm  v3.10.10
48 error code E403
49 error you must verify your email before publishing a new package: https://www.npmjs.com/email-edit : gulp-google-tag-manager
50 error If you need help, you may report this error at:
50 error     <https://github.com/npm/npm/issues>
51 verbose exit [ 1, true ]
